<?xml version="1.0" encoding="UTF-8"?>
<!-- Generated by org.testng.reporters.JUnitReportReporter -->
<testsuite hostname="INHYNSMATHANG02" failures="0" tests="1" name="testCases.TC_001" time="2.265" errors="0" timestamp="2024-12-30T16:51:28 IST" skipped="0">
  <testcase classname="testCases.TC_001" name="verify_account_registration" time="2.265"/>
  <system-out/>
</testsuite> <!-- testCases.TC_001 -->
