<?xml version="1.0" encoding="UTF-8"?>
<!-- Generated by org.testng.reporters.JUnitReportReporter -->
<testsuite hostname="INHYNSMATHANG02" failures="0" tests="1" name="testCases.TC_001" time="2.344" errors="0" timestamp="2024-12-31T15:12:32 IST" skipped="0">
  <testcase classname="testCases.TC_001" name="verify_account_registration" time="2.344"/>
</testsuite> <!-- testCases.TC_001 -->
